<?xml version="1.0" encoding="UTF-8"?>
<!-- Generated by org.testng.reporters.JUnitReportReporter -->
<testsuite hostname="DESKTOP-ICIRA38" failures="0" tests="1" name="MavenJava.SeleniumTest" time="0.027" errors="0" timestamp="2020-05-02T14:55:54 BST" skipped="0">
  <testcase classname="MavenJava.SeleniumTest" name="elementSUT" time="0.027"/>
  <system-out/>
</testsuite> <!-- MavenJava.SeleniumTest -->
