<?xml version="1.0" encoding="UTF-8"?>
<!-- Generated by org.testng.reporters.JUnitReportReporter -->
<testsuite hostname="DESKTOP-ICIRA38" failures="0" tests="2" name="MavenJava.SeleniumTest" time="0.016" errors="0" timestamp="2020-05-03T14:39:38 BST" skipped="0">
  <testcase classname="MavenJava.SeleniumTest" name="elementSUT" time="0.000"/>
  <system-out/>
  <testcase classname="MavenJava.SeleniumTest" name="Brouserautomation" time="0.016"/>
  <system-out/>
</testsuite> <!-- MavenJava.SeleniumTest -->
