<?xml version="1.0" encoding="UTF-8"?>
<!-- Generated by org.testng.reporters.JUnitReportReporter -->
<testsuite hostname="DESKTOP-ICIRA38" failures="0" tests="2" name="MavenJava.RestAPITest" time="0.016" errors="0" timestamp="2020-05-03T14:39:39 BST" skipped="0">
  <testcase classname="MavenJava.RestAPITest" name="TestAPI2" time="0.000"/>
  <system-out/>
  <testcase classname="MavenJava.RestAPITest" name="TestAPI" time="0.016"/>
  <system-out/>
</testsuite> <!-- MavenJava.RestAPITest -->
